e:\othercode\正则表达式\pcre\pcre\debug\vc120.pdb
e:\othercode\正则表达式\pcre\pcre\debug\vc120.idb
e:\othercode\正则表达式\pcre\pcre\debug\pcre_compile.obj
e:\othercode\正则表达式\pcre\pcre\debug\pcre_config.obj
e:\othercode\正则表达式\pcre\pcre\debug\pcre_dfa_exec.obj
e:\othercode\正则表达式\pcre\pcre\debug\pcre_exec.obj
e:\othercode\正则表达式\pcre\pcre\debug\pcre_fullinfo.obj
e:\othercode\正则表达式\pcre\pcre\debug\pcre_get.obj
e:\othercode\正则表达式\pcre\pcre\debug\pcre_globals.obj
e:\othercode\正则表达式\pcre\pcre\debug\pcre_jit_compile.obj
e:\othercode\正则表达式\pcre\pcre\debug\pcre_maketables.obj
e:\othercode\正则表达式\pcre\pcre\debug\pcre_newline.obj
e:\othercode\正则表达式\pcre\pcre\debug\pcre_ord2utf8.obj
e:\othercode\正则表达式\pcre\pcre\debug\pcre_printint.obj
e:\othercode\正则表达式\pcre\pcre\debug\pcre_refcount.obj
e:\othercode\正则表达式\pcre\pcre\debug\pcre_string_utils.obj
e:\othercode\正则表达式\pcre\pcre\debug\pcre_study.obj
e:\othercode\正则表达式\pcre\pcre\debug\pcre_tables.obj
e:\othercode\正则表达式\pcre\pcre\debug\pcre_ucd.obj
e:\othercode\正则表达式\pcre\pcre\debug\pcre_valid_utf8.obj
e:\othercode\正则表达式\pcre\pcre\debug\pcre_version.obj
e:\othercode\正则表达式\pcre\pcre\debug\pcre_xclass.obj
e:\othercode\正则表达式\pcre\pcre\debug\pcre_byte_order.obj
e:\othercode\正则表达式\pcre\pcre\debug\pcre_chartables.obj
e:\othercode\正则表达式\pcre\debug\pcre.ilk
e:\othercode\正则表达式\pcre\debug\pcre.dll
e:\othercode\正则表达式\pcre\debug\pcre.pdb
e:\othercode\正则表达式\pcre\debug\pcre.lib
e:\othercode\正则表达式\pcre\debug\pcre.exp
e:\othercode\正则表达式\pcre\pcre\debug\pcre.tlog\cl.command.1.tlog
e:\othercode\正则表达式\pcre\pcre\debug\pcre.tlog\cl.read.1.tlog
e:\othercode\正则表达式\pcre\pcre\debug\pcre.tlog\cl.write.1.tlog
e:\othercode\正则表达式\pcre\pcre\debug\pcre.tlog\link.command.1.tlog
e:\othercode\正则表达式\pcre\pcre\debug\pcre.tlog\link.read.1.tlog
e:\othercode\正则表达式\pcre\pcre\debug\pcre.tlog\link.write.1.tlog
e:\othercode\正则表达式\pcre\pcre\debug\pcre.tlog\pcre.write.1u.tlog
